<?xml version="1.0" encoding="UTF-8"?>
<testsuite xmlns:xsi="http://www.w3.org/2001/XMLSchema-instance" xsi:noNamespaceSchemaLocation="https://maven.apache.org/surefire/maven-surefire-plugin/xsd/surefire-test-report-3.0.xsd" version="3.0" name="za.ac.sun.cs.algos.HashTableTest" time="0.212" tests="25" errors="0" skipped="0" failures="0">
  <properties>
[...]
</properties>
  <testcase name="testInsertExistingNull" classname="za.ac.sun.cs.algos.HashTableTest" time="0.085"/>
  <testcase name="testRemoveExistingElement" classname="za.ac.sun.cs.algos.HashTableTest" time="0.003"/>
  <testcase name="testIteratorValues" classname="za.ac.sun.cs.algos.HashTableTest" time="0.004"/>
  <testcase name="testEmpty" classname="za.ac.sun.cs.algos.HashTableTest" time="0.002"/>
  <testcase name="testNullInTableWithoutAddition" classname="za.ac.sun.cs.algos.HashTableTest" time="0.001"/>
  <testcase name="testInsertExisitngElements" classname="za.ac.sun.cs.algos.HashTableTest" time="0.002"/>
  <testcase name="testFindingNullValue" classname="za.ac.sun.cs.algos.HashTableTest" time="0.001"/>
  <testcase name="testInsertElementOnSameIndex" classname="za.ac.sun.cs.algos.HashTableTest" time="0.002"/>
  <testcase name="testInsertMultipleElements" classname="za.ac.sun.cs.algos.HashTableTest" time="0.002"/>
  <testcase name="testRemoveElementOnSameIndex" classname="za.ac.sun.cs.algos.HashTableTest" time="0.001"/>
  <testcase name="testGetNANValues" classname="za.ac.sun.cs.algos.HashTableTest" time="0.002"/>
  <testcase name="testMultipleAdditionAndRemoval" classname="za.ac.sun.cs.algos.HashTableTest" time="0.001"/>
  <testcase name="testInsertNull" classname="za.ac.sun.cs.algos.HashTableTest" time="0.001"/>
  <testcase name="testValueInTableWithoutAddition" classname="za.ac.sun.cs.algos.HashTableTest" time="0.001"/>
  <testcase name="testInsertMultipleElementsAndFindValues" classname="za.ac.sun.cs.algos.HashTableTest" time="0.001"/>
  <testcase name="testRemoveRootElementOnSameIndex" classname="za.ac.sun.cs.algos.HashTableTest" time="0.002"/>
  <testcase name="testGetValues" classname="za.ac.sun.cs.algos.HashTableTest" time="0.001"/>
  <testcase name="testIteratorEntries" classname="za.ac.sun.cs.algos.HashTableTest" time="0.006"/>
  <testcase name="testIteratorKeys" classname="za.ac.sun.cs.algos.HashTableTest" time="0.004"/>
  <testcase name="testRemoveMoreElementOnSameIndex" classname="za.ac.sun.cs.algos.HashTableTest" time="0.001"/>
  <testcase name="testInsertOneElement" classname="za.ac.sun.cs.algos.HashTableTest" time="0.002"/>
  <testcase name="testGetNullKeyValue" classname="za.ac.sun.cs.algos.HashTableTest" time="0.001"/>
  <testcase name="testResizeOfTable" classname="za.ac.sun.cs.algos.HashTableTest" time="0.002"/>
  <testcase name="testRemoveNonExistingElement" classname="za.ac.sun.cs.algos.HashTableTest" time="0.001"/>
  <testcase name="testInsertMultipleElementsAndFindNANValues" classname="za.ac.sun.cs.algos.HashTableTest" time="0.002"/>
</testsuite>