<?xml version="1.0" encoding="UTF-8"?>
<testsuite xmlns:xsi="http://www.w3.org/2001/XMLSchema-instance" xsi:noNamespaceSchemaLocation="https://maven.apache.org/surefire/maven-surefire-plugin/xsd/surefire-test-report-3.0.xsd" version="3.0" name="za.ac.sun.cs.algos.LinkedListTest" time="0.231" tests="42" errors="0" skipped="0" failures="0">
  <properties>
[...]
</properties>
  <testcase name="testEmptyConstructor" classname="za.ac.sun.cs.algos.LinkedListTest" time="0.002">
    <system-out><![CDATA[( -empty- )
]]></system-out>
  </testcase>
  <testcase name="testEmptyArray" classname="za.ac.sun.cs.algos.LinkedListTest" time="0.002"/>
  <testcase name="testDoesNotContainsString" classname="za.ac.sun.cs.algos.LinkedListTest" time="0.002">
    <system-out><![CDATA[(Hello, World, !!!)
]]></system-out>
  </testcase>
  <testcase name="testRemoveOnlyElementLast" classname="za.ac.sun.cs.algos.LinkedListTest" time="0.003">
    <system-out><![CDATA[( -empty- )
]]></system-out>
  </testcase>
  <testcase name="testContainsString" classname="za.ac.sun.cs.algos.LinkedListTest" time="0.007">
    <system-out><![CDATA[(Hello, World, !!!)
]]></system-out>
  </testcase>
  <testcase name="testArrayConstructorOneElement" classname="za.ac.sun.cs.algos.LinkedListTest" time="0.004">
    <system-out><![CDATA[(1)
]]></system-out>
  </testcase>
  <testcase name="testToArray" classname="za.ac.sun.cs.algos.LinkedListTest" time="0.001">
    <system-out><![CDATA[[1, 2, 3]
]]></system-out>
  </testcase>
  <testcase name="testOnlyNull" classname="za.ac.sun.cs.algos.LinkedListTest" time="0.002">
    <system-out><![CDATA[(null)
]]></system-out>
  </testcase>
  <testcase name="testToArrayWithLeadingNull" classname="za.ac.sun.cs.algos.LinkedListTest" time="0.002">
    <system-out><![CDATA[[null, 1, 2, 3]
]]></system-out>
  </testcase>
  <testcase name="testFirst" classname="za.ac.sun.cs.algos.LinkedListTest" time="0.003">
    <system-out><![CDATA[(1, 3, 5, 99)
]]></system-out>
  </testcase>
  <testcase name="testAllNullArray" classname="za.ac.sun.cs.algos.LinkedListTest" time="0.002"/>
  <testcase name="testLast" classname="za.ac.sun.cs.algos.LinkedListTest" time="0.005">
    <system-out><![CDATA[(1, 3, 5, 99)
]]></system-out>
  </testcase>
  <testcase name="testContainsNull" classname="za.ac.sun.cs.algos.LinkedListTest" time="0.004">
    <system-out><![CDATA[(Hello, World, null)
]]></system-out>
  </testcase>
  <testcase name="testIteratorTraversal" classname="za.ac.sun.cs.algos.LinkedListTest" time="0.002"/>
  <testcase name="testRemoveFirstElement" classname="za.ac.sun.cs.algos.LinkedListTest" time="0.002">
    <system-out><![CDATA[(22, 33, 44)
]]></system-out>
  </testcase>
  <testcase name="testLastNull" classname="za.ac.sun.cs.algos.LinkedListTest" time="0.001">
    <system-out><![CDATA[(1, 2, null)
]]></system-out>
  </testcase>
  <testcase name="testArrayConstructor" classname="za.ac.sun.cs.algos.LinkedListTest" time="0.002">
    <system-out><![CDATA[(1, 2, 3)
]]></system-out>
  </testcase>
  <testcase name="testAddAfter" classname="za.ac.sun.cs.algos.LinkedListTest" time="0.004">
    <system-out><![CDATA[(1, 3, 7, 5)
]]></system-out>
  </testcase>
  <testcase name="testRemoveFirstEmptyListElement" classname="za.ac.sun.cs.algos.LinkedListTest" time="0.003"/>
  <testcase name="testRemoveLastElement" classname="za.ac.sun.cs.algos.LinkedListTest" time="0.006">
    <system-out><![CDATA[(11, 22, 33)
]]></system-out>
  </testcase>
  <testcase name="testRemoveLastNull" classname="za.ac.sun.cs.algos.LinkedListTest" time="0.004">
    <system-out><![CDATA[(11, 22, 33, 44)
]]></system-out>
  </testcase>
  <testcase name="testAddToFront" classname="za.ac.sun.cs.algos.LinkedListTest" time="0.002">
    <system-out><![CDATA[(7, 1, 3, 5)
]]></system-out>
  </testcase>
  <testcase name="testRemoveElementNull" classname="za.ac.sun.cs.algos.LinkedListTest" time="0.003">
    <system-out><![CDATA[(1, 2, 3, 4)
]]></system-out>
  </testcase>
  <testcase name="testRemoveOnlyElement" classname="za.ac.sun.cs.algos.LinkedListTest" time="0.002">
    <system-out><![CDATA[( -empty- )
]]></system-out>
  </testcase>
  <testcase name="testRemoveEmptyList" classname="za.ac.sun.cs.algos.LinkedListTest" time="0.002"/>
  <testcase name="testRemoveLastEmptyListElement" classname="za.ac.sun.cs.algos.LinkedListTest" time="0.004"/>
  <testcase name="testFirstNull" classname="za.ac.sun.cs.algos.LinkedListTest" time="0.001">
    <system-out><![CDATA[(null, 1, 2)
]]></system-out>
  </testcase>
  <testcase name="testConcurrentModification" classname="za.ac.sun.cs.algos.LinkedListTest" time="0.003"/>
  <testcase name="testOnlyNullLast" classname="za.ac.sun.cs.algos.LinkedListTest" time="0.002">
    <system-out><![CDATA[(null)
]]></system-out>
  </testcase>
  <testcase name="testNullValueInsertion" classname="za.ac.sun.cs.algos.LinkedListTest" time="0.008">
    <system-out><![CDATA[(null)
]]></system-out>
  </testcase>
  <testcase name="testRemoveElement" classname="za.ac.sun.cs.algos.LinkedListTest" time="0.002">
    <system-out><![CDATA[(1, 3, 4)
]]></system-out>
  </testcase>
  <testcase name="testMultipleNullValueInsertion" classname="za.ac.sun.cs.algos.LinkedListTest" time="0.001">
    <system-out><![CDATA[(null, null, null)
]]></system-out>
  </testcase>
  <testcase name="testToArrayWithMultipleNull" classname="za.ac.sun.cs.algos.LinkedListTest" time="0.003">
    <system-out><![CDATA[[null, null, 1, null, 2, null, 3]
]]></system-out>
  </testcase>
  <testcase name="testNoLast" classname="za.ac.sun.cs.algos.LinkedListTest" time="0.004"/>
  <testcase name="testAddAfterNoSuchElement" classname="za.ac.sun.cs.algos.LinkedListTest" time="0.003"/>
  <testcase name="testNoFirst" classname="za.ac.sun.cs.algos.LinkedListTest" time="0.006"/>
  <testcase name="testAddedNullValueInsertion" classname="za.ac.sun.cs.algos.LinkedListTest" time="0.001">
    <system-out><![CDATA[(1, null, 3, null, 5)
]]></system-out>
  </testcase>
  <testcase name="testRemoveNonExistingElement" classname="za.ac.sun.cs.algos.LinkedListTest" time="0.006"/>
  <testcase name="testContainsInteger" classname="za.ac.sun.cs.algos.LinkedListTest" time="0.004">
    <system-out><![CDATA[(1, 3, 5)
]]></system-out>
  </testcase>
  <testcase name="testStringArrayConstructor" classname="za.ac.sun.cs.algos.LinkedListTest" time="0.003">
    <system-out><![CDATA[(Hello, World, !!!)
]]></system-out>
  </testcase>
  <testcase name="testRemoveFirstNull" classname="za.ac.sun.cs.algos.LinkedListTest" time="0.001">
    <system-out><![CDATA[(11, 22, 33, 44)
]]></system-out>
  </testcase>
  <testcase name="testContainsDouble" classname="za.ac.sun.cs.algos.LinkedListTest" time="0.002">
    <system-out><![CDATA[(12.15, 124.324, 234.5346)
]]></system-out>
  </testcase>
</testsuite>